#
# There is insufficient memory for the Java Runtime Environment to continue.
# Native memory allocation (mmap) failed to map 197132288 bytes for Failed to commit area from 0x0000000744a00000 to 0x0000000750600000 of length 197132288.
# Possible reasons:
#   The system is out of physical RAM or swap space
#   The process is running with CompressedOops enabled, and the Java Heap may be blocking the growth of the native heap
# Possible solutions:
#   Reduce memory load on the system
#   Increase physical memory or swap space
#   Check if swap backing store is full
#   Decrease Java heap size (-Xmx/-Xms)
#   Decrease number of Java threads
#   Decrease Java thread stack sizes (-Xss)
#   Set larger code cache with -XX:ReservedCodeCacheSize=
# This output file may be truncated or incomplete.
#
#  Out of Memory Error (c:/cygwin64/tmp/openjdk-jdk11u-windows-x64-hotspot/workspace/build/src/src/hotspot/os/windows/os_windows.cpp:3296), pid=35356, tid=24140
#
# JRE version:  (11.0.6+10) (build )
# Java VM: OpenJDK 64-Bit Server VM (11.0.6+10, mixed mode, sharing, tiered, compressed oops, g1 gc, windows-amd64)
# No core dump will be written. Minidumps are not enabled by default on client versions of Windows
#

---------------  S U M M A R Y ------------

Command Line: -Dfile.encoding=Cp1252 forms.Splash

Host: Intel(R) Core(TM) i5-6200U CPU @ 2.30GHz, 4 cores, 11G,  Windows 10 , 64 bit Build 17134 (10.0.17134.556)
Time: Sat Jul 23 13:55:41 2022 Myanmar Standard Time elapsed time: 0 seconds (0d 0h 0m 0s)

---------------  T H R E A D  ---------------

Current thread (0x000001431def9800):  JavaThread "Unknown thread" [_thread_in_vm, id=24140, stack(0x0000003732e00000,0x0000003732f00000)]

Stack: [0x0000003732e00000,0x0000003732f00000]
Native frames: (J=compiled Java code, j=interpreted, Vv=VM code, C=native code)
V  [jvm.dll+0x5db25a]
V  [jvm.dll+0x7111de]
V  [jvm.dll+0x712877]
V  [jvm.dll+0x712f43]
V  [jvm.dll+0x23fe78]
V  [jvm.dll+0x5d854a]
V  [jvm.dll+0x5cd2c5]
V  [jvm.dll+0x2f52fc]
V  [jvm.dll+0x2f5182]
V  [jvm.dll+0x2f9e36]
V  [jvm.dll+0x33b57f]
V  [jvm.dll+0x33afb0]
V  [jvm.dll+0x2d2708]
V  [jvm.dll+0x2d3856]
V  [jvm.dll+0x6eced7]
V  [jvm.dll+0x6ee65f]
V  [jvm.dll+0x348309]
V  [jvm.dll+0x6d14e0]
V  [jvm.dll+0x3afe7f]
V  [jvm.dll+0x3b24c1]
C  [jli.dll+0x51fb]
C  [ucrtbase.dll+0x1c4ce]
C  [KERNEL32.DLL+0x13dc4]
C  [ntdll.dll+0x73691]


---------------  P R O C E S S  ---------------

Threads class SMR info:
_java_thread_list=0x000001431bdd37e0, length=0, elements={
}

Java Threads: ( => current thread )

Other Threads:
  0x000001431df12000 GCTaskThread "GC Thread#0" [stack: 0x0000003732f00000,0x0000003733000000] [id=57892]
  0x000001431df57800 ConcurrentGCThread "G1 Main Marker" [stack: 0x0000003733000000,0x0000003733100000] [id=34388]
  0x000001431df5d000 ConcurrentGCThread "G1 Conc#0" [stack: 0x0000003733100000,0x0000003733200000] [id=22316]

[error occurred during error reporting (printing all threads), id 0xc0000005, EXCEPTION_ACCESS_VIOLATION (0xc0000005) at pc=0x00007ffcce231d57]

VM state:not at safepoint (not fully initialized)

VM Mutex/Monitor currently owned by a thread:  ([mutex/lock_event])
[0x000001431def52b0] Heap_lock - owner thread: 0x000001431def9800

Heap address: 0x0000000744a00000, size: 2998 MB, Compressed Oops mode: Non-zero based: 0x0000000744a00000
Narrow klass base: 0x0000000000000000, Narrow klass shift: 0

GC Heap History (0 events):
No events

Deoptimization events (0 events):
No events

Classes redefined (0 events):
No events

Internal exceptions (0 events):
No events

Events (2 events):
Event: 0.008 Loaded shared library C:\Program Files\AdoptOpenJDK\jdk-11.0.6.10-hotspot\bin\zip.dll
Event: 0.008 Loaded shared library C:\Program Files\AdoptOpenJDK\jdk-11.0.6.10-hotspot\bin\jimage.dll


Dynamic libraries:
0x00007ff7e95a0000 - 0x00007ff7e95ad000 	C:\Program Files\AdoptOpenJDK\jdk-11.0.6.10-hotspot\bin\javaw.exe
0x00007ffd54820000 - 0x00007ffd54a01000 	C:\WINDOWS\SYSTEM32\ntdll.dll
0x00007ffd53820000 - 0x00007ffd538d2000 	C:\WINDOWS\System32\KERNEL32.DLL
0x00007ffd50ca0000 - 0x00007ffd50f13000 	C:\WINDOWS\System32\KERNELBASE.dll
0x00007ffd518d0000 - 0x00007ffd519ca000 	C:\WINDOWS\System32\ucrtbase.dll
0x00007ffd48f80000 - 0x00007ffd48f97000 	C:\Program Files\AdoptOpenJDK\jdk-11.0.6.10-hotspot\bin\jli.dll
0x00007ffd48fa0000 - 0x00007ffd48fb6000 	C:\Program Files\AdoptOpenJDK\jdk-11.0.6.10-hotspot\bin\VCRUNTIME140.dll
0x00007ffd54300000 - 0x00007ffd54490000 	C:\WINDOWS\System32\USER32.dll
0x00007ffd47df0000 - 0x00007ffd48059000 	C:\WINDOWS\WinSxS\amd64_microsoft.windows.common-controls_6595b64144ccf1df_6.0.17134.590_none_fb3d9bff3069e088\COMCTL32.dll
0x00007ffd519d0000 - 0x00007ffd519f0000 	C:\WINDOWS\System32\win32u.dll
0x00007ffd54130000 - 0x00007ffd541ce000 	C:\WINDOWS\System32\msvcrt.dll
0x00007ffd544c0000 - 0x00007ffd547e2000 	C:\WINDOWS\System32\combase.dll
0x00007ffd541d0000 - 0x00007ffd542f4000 	C:\WINDOWS\System32\RPCRT4.dll
0x00007ffd537f0000 - 0x00007ffd53818000 	C:\WINDOWS\System32\GDI32.dll
0x00007ffd51c30000 - 0x00007ffd51caa000 	C:\WINDOWS\System32\bcryptPrimitives.dll
0x00007ffd50fc0000 - 0x00007ffd51152000 	C:\WINDOWS\System32\gdi32full.dll
0x00007ffd50f20000 - 0x00007ffd50fbf000 	C:\WINDOWS\System32\msvcp_win.dll
0x00007ffd54490000 - 0x00007ffd544bd000 	C:\WINDOWS\System32\IMM32.DLL
0x00007ffd15940000 - 0x00007ffd159db000 	C:\Program Files\AdoptOpenJDK\jdk-11.0.6.10-hotspot\bin\msvcp140.dll
0x00007ffccdf50000 - 0x00007ffccea0c000 	C:\Program Files\AdoptOpenJDK\jdk-11.0.6.10-hotspot\bin\server\jvm.dll
0x00007ffd54080000 - 0x00007ffd54121000 	C:\WINDOWS\System32\ADVAPI32.dll
0x00007ffd536b0000 - 0x00007ffd5370b000 	C:\WINDOWS\System32\sechost.dll
0x00007ffd537e0000 - 0x00007ffd537e8000 	C:\WINDOWS\System32\PSAPI.DLL
0x00007ffd3b710000 - 0x00007ffd3b719000 	C:\WINDOWS\SYSTEM32\WSOCK32.dll
0x00007ffd4ecb0000 - 0x00007ffd4ecd3000 	C:\WINDOWS\SYSTEM32\WINMM.dll
0x00007ffd53c00000 - 0x00007ffd53c6c000 	C:\WINDOWS\System32\WS2_32.dll
0x00007ffd4c300000 - 0x00007ffd4c30a000 	C:\WINDOWS\SYSTEM32\VERSION.dll
0x00007ffd4e860000 - 0x00007ffd4e88a000 	C:\WINDOWS\SYSTEM32\WINMMBASE.dll
0x00007ffd519f0000 - 0x00007ffd51a39000 	C:\WINDOWS\System32\cfgmgr32.dll
0x00007ffd50b80000 - 0x00007ffd50b91000 	C:\WINDOWS\System32\kernel.appcore.dll
0x00007ffd4a7a0000 - 0x00007ffd4a7b0000 	C:\Program Files\AdoptOpenJDK\jdk-11.0.6.10-hotspot\bin\verify.dll
0x00007ffd3e3b0000 - 0x00007ffd3e579000 	C:\WINDOWS\SYSTEM32\DBGHELP.DLL
0x00007ffd3e330000 - 0x00007ffd3e359000 	C:\WINDOWS\SYSTEM32\dbgcore.DLL
0x00007ffd49010000 - 0x00007ffd49038000 	C:\Program Files\AdoptOpenJDK\jdk-11.0.6.10-hotspot\bin\java.dll
0x00007ffd49070000 - 0x00007ffd49087000 	C:\Program Files\AdoptOpenJDK\jdk-11.0.6.10-hotspot\bin\zip.dll
0x00007ffd4a790000 - 0x00007ffd4a79a000 	C:\Program Files\AdoptOpenJDK\jdk-11.0.6.10-hotspot\bin\jimage.dll

dbghelp: loaded successfully - version: 4.0.5 - missing functions: none
symbol engine: initialized successfully - sym options: 0x614 - pdb path: .;C:\Program Files\AdoptOpenJDK\jdk-11.0.6.10-hotspot\bin;C:\WINDOWS\SYSTEM32;C:\WINDOWS\WinSxS\amd64_microsoft.windows.common-controls_6595b64144ccf1df_6.0.17134.590_none_fb3d9bff3069e088;C:\Program Files\AdoptOpenJDK\jdk-11.0.6.10-hotspot\bin\server

VM Arguments:
jvm_args: -Dfile.encoding=Cp1252 
java_command: forms.Splash
java_class_path (initial): E:\PayRoll-Management-System\bin;E:\PayRoll-Management-System\jars\mysql-connector-java-8.0.19.jar;E:\PayRoll-Management-System\jars\flatlaf-2.3.jar;E:\PayRoll-Management-System\jcalendar-1.4.jar;E:\PayRoll-Management-System\flatlaf-2.3.jar;E:\PayRoll-Management-System\jars\itextpdf-5.5.4.jar
Launcher Type: SUN_STANDARD

[Global flags]
     intx CICompilerCount                          = 3                                         {product} {ergonomic}
     uint ConcGCThreads                            = 1                                         {product} {ergonomic}
     uint G1ConcRefinementThreads                  = 4                                         {product} {ergonomic}
   size_t G1HeapRegionSize                         = 1048576                                   {product} {ergonomic}
    uintx GCDrainStackTargetSize                   = 64                                        {product} {ergonomic}
   size_t InitialHeapSize                          = 197132288                                 {product} {ergonomic}
   size_t MarkStackSize                            = 4194304                                   {product} {ergonomic}
   size_t MaxHeapSize                              = 3143630848                                {product} {ergonomic}
   size_t MinHeapDeltaBytes                        = 1048576                                   {product} {ergonomic}
    uintx NonNMethodCodeHeapSize                   = 5830732                                {pd product} {ergonomic}
    uintx NonProfiledCodeHeapSize                  = 122913754                              {pd product} {ergonomic}
    uintx ProfiledCodeHeapSize                     = 122913754                              {pd product} {ergonomic}
    uintx ReservedCodeCacheSize                    = 251658240                              {pd product} {ergonomic}
     bool SegmentedCodeCache                       = true                                      {product} {ergonomic}
     bool UseCompressedClassPointers               = true                                 {lp64_product} {ergonomic}
     bool UseCompressedOops                        = true                                 {lp64_product} {ergonomic}
     bool UseG1GC                                  = true                                      {product} {ergonomic}
     bool UseLargePagesIndividualAllocation        = false                                  {pd product} {ergonomic}

Logging:
Log output configuration:
 #0: stdout all=warning uptime,level,tags
 #1: stderr all=off uptime,level,tags

Environment Variables:
JAVA_HOME=C:\Program Files\AdoptOpenJDK\jdk-11.0.6.10-hotspot\
PATH=C:/Program Files/AdoptOpenJDK/jdk-11.0.6.10-hotspot/bin/server;C:/Program Files/AdoptOpenJDK/jdk-11.0.6.10-hotspot/bin;C:\Program Files\Python38\Scripts\;C:\Program Files\Python38\;C:\Program Files\AdoptOpenJDK\jdk-11.0.6.10-hotspot\bin;C:\Program Files (x86)\NVIDIA Corporation\PhysX\Common;C:\Program Files\Java\jdk-13.0.1\bin;C:\ProgramData\Oracle\Java\javapath;C:\Program Files\Intel\iCLS Client\;C:\WINDOWS\system32;C:\WINDOWS;C:\WINDOWS\System32\Wbem;C:\WINDOWS\System32\WindowsPowerShell\v1.0\;C:\Program Files (x86)\AMD\ATI.ACE\Core-Static;C:\Program Files (x86)\Skype\Phone\;C:\Program Files\Common Files\Autodesk Shared\;C:\WINDOWS\System32\OpenSSH\;C:\Program Files\Java\jdk-13.0.1\bin;C:\Program Files\Intel\WiFi\bin\;C:\Program Files\Common Files\Intel\WirelessCommon\;C:\Program Files (x86)\Intel\Intel(R) Management Engine Components\DAL;C:\Program Files\Intel\Intel(R) Management Engine Components\DAL;C:\Program Files\nodejs\;C:\Program Files\Git\cmd;C:\Program Files\MySQL\MySQL Shell 8.0\bin\;C:\Program Files\Java\jdk-11.0.1\bin;C:\Users\dell\AppData\Local\Programs\Microsoft VS Code\bin;C:\Program Files\heroku\bin;C:\Users\dell\AppData\Roaming\npm;C:\eclipse-jee-2019-12-R-win32-x86_64\eclipse;
USERNAME=dell
OS=Windows_NT
PROCESSOR_IDENTIFIER=Intel64 Family 6 Model 78 Stepping 3, GenuineIntel



---------------  S Y S T E M  ---------------

OS: Windows 10 , 64 bit Build 17134 (10.0.17134.556)

CPU:total 4 (initial active 4) (2 cores per cpu, 2 threads per core) family 6 model 78 stepping 3, cmov, cx8, fxsr, mmx, sse, sse2, sse3, ssse3, sse4.1, sse4.2, popcnt, avx, avx2, aes, clmul, erms, 3dnowpref, lzcnt, ht, tsc, tscinvbit, bmi1, bmi2, adx, fma

Memory: 4k page, system-wide physical 11987M (2439M free)
TotalPageFile size 23882M (AvailPageFile size 69M)
current process WorkingSet (physical memory assigned to process): 9M, peak: 9M
current process commit charge ("private bytes"): 52M, peak: 240M

vm_info: OpenJDK 64-Bit Server VM (11.0.6+10) for windows-amd64 JRE (11.0.6+10), built on Jan 15 2020 06:14:58 by "" with MS VC++ 15.8 (VS2017)

END.
